15:27:02.139 [JavaFX Application Thread] FATAL vis2017.gui.Main:105 - Fatal error
javafx.fxml.LoadException: 
/Users/michaeltrimmel/IdeaProjects/vis2017_clustering/target/classes/fxml/ClusteringGUI.fxml

	at javafx.fxml.FXMLLoader.constructLoadException(FXMLLoader.java:2601) ~[jfxrt.jar:?]
	at javafx.fxml.FXMLLoader.loadImpl(FXMLLoader.java:2579) ~[jfxrt.jar:?]
	at javafx.fxml.FXMLLoader.loadImpl(FXMLLoader.java:2441) ~[jfxrt.jar:?]
	at javafx.fxml.FXMLLoader.loadImpl(FXMLLoader.java:3214) ~[jfxrt.jar:?]
	at javafx.fxml.FXMLLoader.loadImpl(FXMLLoader.java:3175) ~[jfxrt.jar:?]
	at javafx.fxml.FXMLLoader.loadImpl(FXMLLoader.java:3148) ~[jfxrt.jar:?]
	at javafx.fxml.FXMLLoader.loadImpl(FXMLLoader.java:3124) ~[jfxrt.jar:?]
	at javafx.fxml.FXMLLoader.loadImpl(FXMLLoader.java:3104) ~[jfxrt.jar:?]
	at javafx.fxml.FXMLLoader.load(FXMLLoader.java:3097) ~[jfxrt.jar:?]
	at at.ac.univie.vis2017.gui.Main.showMainWindow(Main.java:80) ~[classes/:?]
	at at.ac.univie.vis2017.gui.Main.start(Main.java:75) ~[classes/:?]
	at com.sun.javafx.application.LauncherImpl.lambda$launchApplication1$162(LauncherImpl.java:863) ~[jfxrt.jar:?]
	at com.sun.javafx.application.PlatformImpl.lambda$runAndWait$175(PlatformImpl.java:326) ~[jfxrt.jar:?]
	at com.sun.javafx.application.PlatformImpl.lambda$null$173(PlatformImpl.java:295) ~[jfxrt.jar:?]
	at java.security.AccessController.doPrivileged(Native Method) ~[?:1.8.0_131]
	at com.sun.javafx.application.PlatformImpl.lambda$runLater$174(PlatformImpl.java:294) ~[jfxrt.jar:?]
	at com.sun.glass.ui.InvokeLaterDispatcher$Future.run(InvokeLaterDispatcher.java:95) [jfxrt.jar:?]
Caused by: java.lang.NullPointerException
	at at.ac.univie.vis2017.util.Data.setIteration(Data.java:87) ~[classes/:?]
	at at.ac.univie.vis2017.clustering_algorithms.KMEANS.clusterData(KMEANS.java:237) ~[classes/:?]
	at at.ac.univie.vis2017.gui.ClusteringController.initialize(ClusteringController.java:414) ~[classes/:?]
	at javafx.fxml.FXMLLoader.loadImpl(FXMLLoader.java:2548) ~[jfxrt.jar:?]
	... 15 more
15:28:54.563 [JavaFX Application Thread] FATAL vis2017.gui.Main:105 - Fatal error
javafx.fxml.LoadException: 
/Users/michaeltrimmel/IdeaProjects/vis2017_clustering/target/classes/fxml/ClusteringGUI.fxml

	at javafx.fxml.FXMLLoader.constructLoadException(FXMLLoader.java:2601) ~[jfxrt.jar:?]
	at javafx.fxml.FXMLLoader.loadImpl(FXMLLoader.java:2579) ~[jfxrt.jar:?]
	at javafx.fxml.FXMLLoader.loadImpl(FXMLLoader.java:2441) ~[jfxrt.jar:?]
	at javafx.fxml.FXMLLoader.loadImpl(FXMLLoader.java:3214) ~[jfxrt.jar:?]
	at javafx.fxml.FXMLLoader.loadImpl(FXMLLoader.java:3175) ~[jfxrt.jar:?]
	at javafx.fxml.FXMLLoader.loadImpl(FXMLLoader.java:3148) ~[jfxrt.jar:?]
	at javafx.fxml.FXMLLoader.loadImpl(FXMLLoader.java:3124) ~[jfxrt.jar:?]
	at javafx.fxml.FXMLLoader.loadImpl(FXMLLoader.java:3104) ~[jfxrt.jar:?]
	at javafx.fxml.FXMLLoader.load(FXMLLoader.java:3097) ~[jfxrt.jar:?]
	at at.ac.univie.vis2017.gui.Main.showMainWindow(Main.java:80) ~[classes/:?]
	at at.ac.univie.vis2017.gui.Main.start(Main.java:75) ~[classes/:?]
	at com.sun.javafx.application.LauncherImpl.lambda$launchApplication1$162(LauncherImpl.java:863) ~[jfxrt.jar:?]
	at com.sun.javafx.application.PlatformImpl.lambda$runAndWait$175(PlatformImpl.java:326) ~[jfxrt.jar:?]
	at com.sun.javafx.application.PlatformImpl.lambda$null$173(PlatformImpl.java:295) ~[jfxrt.jar:?]
	at java.security.AccessController.doPrivileged(Native Method) ~[?:1.8.0_131]
	at com.sun.javafx.application.PlatformImpl.lambda$runLater$174(PlatformImpl.java:294) ~[jfxrt.jar:?]
	at com.sun.glass.ui.InvokeLaterDispatcher$Future.run(InvokeLaterDispatcher.java:95) [jfxrt.jar:?]
Caused by: java.lang.NullPointerException
	at at.ac.univie.vis2017.util.Data.setIteration(Data.java:87) ~[classes/:?]
	at at.ac.univie.vis2017.clustering_algorithms.KMEANS.clusterData(KMEANS.java:237) ~[classes/:?]
	at at.ac.univie.vis2017.gui.ClusteringController.initialize(ClusteringController.java:414) ~[classes/:?]
	at javafx.fxml.FXMLLoader.loadImpl(FXMLLoader.java:2548) ~[jfxrt.jar:?]
	... 15 more
15:29:38.381 [JavaFX Application Thread] FATAL vis2017.gui.Main:105 - Fatal error
javafx.fxml.LoadException: 
/Users/michaeltrimmel/IdeaProjects/vis2017_clustering/target/classes/fxml/ClusteringGUI.fxml

	at javafx.fxml.FXMLLoader.constructLoadException(FXMLLoader.java:2601) ~[jfxrt.jar:?]
	at javafx.fxml.FXMLLoader.loadImpl(FXMLLoader.java:2579) ~[jfxrt.jar:?]
	at javafx.fxml.FXMLLoader.loadImpl(FXMLLoader.java:2441) ~[jfxrt.jar:?]
	at javafx.fxml.FXMLLoader.loadImpl(FXMLLoader.java:3214) ~[jfxrt.jar:?]
	at javafx.fxml.FXMLLoader.loadImpl(FXMLLoader.java:3175) ~[jfxrt.jar:?]
	at javafx.fxml.FXMLLoader.loadImpl(FXMLLoader.java:3148) ~[jfxrt.jar:?]
	at javafx.fxml.FXMLLoader.loadImpl(FXMLLoader.java:3124) ~[jfxrt.jar:?]
	at javafx.fxml.FXMLLoader.loadImpl(FXMLLoader.java:3104) ~[jfxrt.jar:?]
	at javafx.fxml.FXMLLoader.load(FXMLLoader.java:3097) ~[jfxrt.jar:?]
	at at.ac.univie.vis2017.gui.Main.showMainWindow(Main.java:80) ~[classes/:?]
	at at.ac.univie.vis2017.gui.Main.start(Main.java:75) ~[classes/:?]
	at com.sun.javafx.application.LauncherImpl.lambda$launchApplication1$162(LauncherImpl.java:863) ~[jfxrt.jar:?]
	at com.sun.javafx.application.PlatformImpl.lambda$runAndWait$175(PlatformImpl.java:326) ~[jfxrt.jar:?]
	at com.sun.javafx.application.PlatformImpl.lambda$null$173(PlatformImpl.java:295) ~[jfxrt.jar:?]
	at java.security.AccessController.doPrivileged(Native Method) ~[?:1.8.0_131]
	at com.sun.javafx.application.PlatformImpl.lambda$runLater$174(PlatformImpl.java:294) ~[jfxrt.jar:?]
	at com.sun.glass.ui.InvokeLaterDispatcher$Future.run(InvokeLaterDispatcher.java:95) [jfxrt.jar:?]
Caused by: java.lang.IndexOutOfBoundsException: Index: 3, Size: 3
	at java.util.ArrayList.rangeCheck(ArrayList.java:653) ~[?:1.8.0_131]
	at java.util.ArrayList.get(ArrayList.java:429) ~[?:1.8.0_131]
	at at.ac.univie.vis2017.clustering_algorithms.KMEANS.updateCentroids(KMEANS.java:224) ~[classes/:?]
	at at.ac.univie.vis2017.clustering_algorithms.KMEANS.clusterData(KMEANS.java:246) ~[classes/:?]
	at at.ac.univie.vis2017.gui.ClusteringController.initialize(ClusteringController.java:414) ~[classes/:?]
	at javafx.fxml.FXMLLoader.loadImpl(FXMLLoader.java:2548) ~[jfxrt.jar:?]
	... 15 more
15:36:28.424 [JavaFX Application Thread] FATAL vis2017.gui.Main:106 - Fatal error
javafx.fxml.LoadException: 
/Users/michaeltrimmel/IdeaProjects/vis2017_clustering/target/classes/fxml/ClusteringGUI.fxml

	at javafx.fxml.FXMLLoader.constructLoadException(FXMLLoader.java:2601) ~[jfxrt.jar:?]
	at javafx.fxml.FXMLLoader.loadImpl(FXMLLoader.java:2579) ~[jfxrt.jar:?]
	at javafx.fxml.FXMLLoader.loadImpl(FXMLLoader.java:2441) ~[jfxrt.jar:?]
	at javafx.fxml.FXMLLoader.loadImpl(FXMLLoader.java:3214) ~[jfxrt.jar:?]
	at javafx.fxml.FXMLLoader.loadImpl(FXMLLoader.java:3175) ~[jfxrt.jar:?]
	at javafx.fxml.FXMLLoader.loadImpl(FXMLLoader.java:3148) ~[jfxrt.jar:?]
	at javafx.fxml.FXMLLoader.loadImpl(FXMLLoader.java:3124) ~[jfxrt.jar:?]
	at javafx.fxml.FXMLLoader.loadImpl(FXMLLoader.java:3104) ~[jfxrt.jar:?]
	at javafx.fxml.FXMLLoader.load(FXMLLoader.java:3097) ~[jfxrt.jar:?]
	at at.ac.univie.vis2017.gui.Main.showMainWindow(Main.java:81) ~[classes/:?]
	at at.ac.univie.vis2017.gui.Main.start(Main.java:76) ~[classes/:?]
	at com.sun.javafx.application.LauncherImpl.lambda$launchApplication1$162(LauncherImpl.java:863) ~[jfxrt.jar:?]
	at com.sun.javafx.application.PlatformImpl.lambda$runAndWait$175(PlatformImpl.java:326) ~[jfxrt.jar:?]
	at com.sun.javafx.application.PlatformImpl.lambda$null$173(PlatformImpl.java:295) ~[jfxrt.jar:?]
	at java.security.AccessController.doPrivileged(Native Method) ~[?:1.8.0_131]
	at com.sun.javafx.application.PlatformImpl.lambda$runLater$174(PlatformImpl.java:294) ~[jfxrt.jar:?]
	at com.sun.glass.ui.InvokeLaterDispatcher$Future.run(InvokeLaterDispatcher.java:95) [jfxrt.jar:?]
Caused by: java.lang.IndexOutOfBoundsException: Index: 3, Size: 3
	at java.util.ArrayList.rangeCheck(ArrayList.java:653) ~[?:1.8.0_131]
	at java.util.ArrayList.get(ArrayList.java:429) ~[?:1.8.0_131]
	at at.ac.univie.vis2017.clustering_algorithms.KMEANS.updateCentroids(KMEANS.java:228) ~[classes/:?]
	at at.ac.univie.vis2017.clustering_algorithms.KMEANS.clusterData(KMEANS.java:250) ~[classes/:?]
	at at.ac.univie.vis2017.gui.ClusteringController.initialize(ClusteringController.java:413) ~[classes/:?]
	at javafx.fxml.FXMLLoader.loadImpl(FXMLLoader.java:2548) ~[jfxrt.jar:?]
	... 15 more
20:03:23.725 [JavaFX Application Thread] FATAL vis2017.gui.Main:104 - Fatal error
javafx.fxml.LoadException: 
/Users/michaeltrimmel/IdeaProjects/vis2017_clustering/target/classes/fxml/ClusteringGUI.fxml

	at javafx.fxml.FXMLLoader.constructLoadException(FXMLLoader.java:2601) ~[jfxrt.jar:?]
	at javafx.fxml.FXMLLoader.loadImpl(FXMLLoader.java:2579) ~[jfxrt.jar:?]
	at javafx.fxml.FXMLLoader.loadImpl(FXMLLoader.java:2441) ~[jfxrt.jar:?]
	at javafx.fxml.FXMLLoader.loadImpl(FXMLLoader.java:3214) ~[jfxrt.jar:?]
	at javafx.fxml.FXMLLoader.loadImpl(FXMLLoader.java:3175) ~[jfxrt.jar:?]
	at javafx.fxml.FXMLLoader.loadImpl(FXMLLoader.java:3148) ~[jfxrt.jar:?]
	at javafx.fxml.FXMLLoader.loadImpl(FXMLLoader.java:3124) ~[jfxrt.jar:?]
	at javafx.fxml.FXMLLoader.loadImpl(FXMLLoader.java:3104) ~[jfxrt.jar:?]
	at javafx.fxml.FXMLLoader.load(FXMLLoader.java:3097) ~[jfxrt.jar:?]
	at at.ac.univie.vis2017.gui.Main.showMainWindow(Main.java:79) ~[classes/:?]
	at at.ac.univie.vis2017.gui.Main.start(Main.java:74) ~[classes/:?]
	at com.sun.javafx.application.LauncherImpl.lambda$launchApplication1$162(LauncherImpl.java:863) ~[jfxrt.jar:?]
	at com.sun.javafx.application.PlatformImpl.lambda$runAndWait$175(PlatformImpl.java:326) ~[jfxrt.jar:?]
	at com.sun.javafx.application.PlatformImpl.lambda$null$173(PlatformImpl.java:295) ~[jfxrt.jar:?]
	at java.security.AccessController.doPrivileged(Native Method) ~[?:1.8.0_131]
	at com.sun.javafx.application.PlatformImpl.lambda$runLater$174(PlatformImpl.java:294) ~[jfxrt.jar:?]
	at com.sun.glass.ui.InvokeLaterDispatcher$Future.run(InvokeLaterDispatcher.java:95) [jfxrt.jar:?]
Caused by: java.lang.IndexOutOfBoundsException: Index: 3, Size: 3
	at java.util.ArrayList.rangeCheck(ArrayList.java:653) ~[?:1.8.0_131]
	at java.util.ArrayList.get(ArrayList.java:429) ~[?:1.8.0_131]
	at at.ac.univie.vis2017.clustering_algorithms.KMEANS.updateCentroids(KMEANS.java:229) ~[classes/:?]
	at at.ac.univie.vis2017.clustering_algorithms.KMEANS.clusterData(KMEANS.java:251) ~[classes/:?]
	at at.ac.univie.vis2017.gui.ClusteringController.initialize(ClusteringController.java:406) ~[classes/:?]
	at javafx.fxml.FXMLLoader.loadImpl(FXMLLoader.java:2548) ~[jfxrt.jar:?]
	... 15 more
20:05:27.552 [JavaFX Application Thread] FATAL vis2017.gui.Main:104 - Fatal error
javafx.fxml.LoadException: 
/Users/michaeltrimmel/IdeaProjects/vis2017_clustering/target/classes/fxml/ClusteringGUI.fxml

	at javafx.fxml.FXMLLoader.constructLoadException(FXMLLoader.java:2601) ~[jfxrt.jar:?]
	at javafx.fxml.FXMLLoader.loadImpl(FXMLLoader.java:2579) ~[jfxrt.jar:?]
	at javafx.fxml.FXMLLoader.loadImpl(FXMLLoader.java:2441) ~[jfxrt.jar:?]
	at javafx.fxml.FXMLLoader.loadImpl(FXMLLoader.java:3214) ~[jfxrt.jar:?]
	at javafx.fxml.FXMLLoader.loadImpl(FXMLLoader.java:3175) ~[jfxrt.jar:?]
	at javafx.fxml.FXMLLoader.loadImpl(FXMLLoader.java:3148) ~[jfxrt.jar:?]
	at javafx.fxml.FXMLLoader.loadImpl(FXMLLoader.java:3124) ~[jfxrt.jar:?]
	at javafx.fxml.FXMLLoader.loadImpl(FXMLLoader.java:3104) ~[jfxrt.jar:?]
	at javafx.fxml.FXMLLoader.load(FXMLLoader.java:3097) ~[jfxrt.jar:?]
	at at.ac.univie.vis2017.gui.Main.showMainWindow(Main.java:79) ~[classes/:?]
	at at.ac.univie.vis2017.gui.Main.start(Main.java:74) ~[classes/:?]
	at com.sun.javafx.application.LauncherImpl.lambda$launchApplication1$162(LauncherImpl.java:863) ~[jfxrt.jar:?]
	at com.sun.javafx.application.PlatformImpl.lambda$runAndWait$175(PlatformImpl.java:326) ~[jfxrt.jar:?]
	at com.sun.javafx.application.PlatformImpl.lambda$null$173(PlatformImpl.java:295) ~[jfxrt.jar:?]
	at java.security.AccessController.doPrivileged(Native Method) ~[?:1.8.0_131]
	at com.sun.javafx.application.PlatformImpl.lambda$runLater$174(PlatformImpl.java:294) ~[jfxrt.jar:?]
	at com.sun.glass.ui.InvokeLaterDispatcher$Future.run(InvokeLaterDispatcher.java:95) [jfxrt.jar:?]
Caused by: java.lang.IndexOutOfBoundsException: Index: 3, Size: 3
	at java.util.ArrayList.rangeCheck(ArrayList.java:653) ~[?:1.8.0_131]
	at java.util.ArrayList.get(ArrayList.java:429) ~[?:1.8.0_131]
	at at.ac.univie.vis2017.clustering_algorithms.KMEANS.updateCentroids(KMEANS.java:229) ~[classes/:?]
	at at.ac.univie.vis2017.clustering_algorithms.KMEANS.clusterData(KMEANS.java:251) ~[classes/:?]
	at at.ac.univie.vis2017.gui.ClusteringController.initialize(ClusteringController.java:406) ~[classes/:?]
	at javafx.fxml.FXMLLoader.loadImpl(FXMLLoader.java:2548) ~[jfxrt.jar:?]
	... 15 more
20:08:45.901 [JavaFX Application Thread] FATAL vis2017.gui.Main:104 - Fatal error
javafx.fxml.LoadException: 
/Users/michaeltrimmel/IdeaProjects/vis2017_clustering/target/classes/fxml/ClusteringGUI.fxml

	at javafx.fxml.FXMLLoader.constructLoadException(FXMLLoader.java:2601) ~[jfxrt.jar:?]
	at javafx.fxml.FXMLLoader.loadImpl(FXMLLoader.java:2579) ~[jfxrt.jar:?]
	at javafx.fxml.FXMLLoader.loadImpl(FXMLLoader.java:2441) ~[jfxrt.jar:?]
	at javafx.fxml.FXMLLoader.loadImpl(FXMLLoader.java:3214) ~[jfxrt.jar:?]
	at javafx.fxml.FXMLLoader.loadImpl(FXMLLoader.java:3175) ~[jfxrt.jar:?]
	at javafx.fxml.FXMLLoader.loadImpl(FXMLLoader.java:3148) ~[jfxrt.jar:?]
	at javafx.fxml.FXMLLoader.loadImpl(FXMLLoader.java:3124) ~[jfxrt.jar:?]
	at javafx.fxml.FXMLLoader.loadImpl(FXMLLoader.java:3104) ~[jfxrt.jar:?]
	at javafx.fxml.FXMLLoader.load(FXMLLoader.java:3097) ~[jfxrt.jar:?]
	at at.ac.univie.vis2017.gui.Main.showMainWindow(Main.java:79) ~[classes/:?]
	at at.ac.univie.vis2017.gui.Main.start(Main.java:74) ~[classes/:?]
	at com.sun.javafx.application.LauncherImpl.lambda$launchApplication1$162(LauncherImpl.java:863) ~[jfxrt.jar:?]
	at com.sun.javafx.application.PlatformImpl.lambda$runAndWait$175(PlatformImpl.java:326) ~[jfxrt.jar:?]
	at com.sun.javafx.application.PlatformImpl.lambda$null$173(PlatformImpl.java:295) ~[jfxrt.jar:?]
	at java.security.AccessController.doPrivileged(Native Method) ~[?:1.8.0_131]
	at com.sun.javafx.application.PlatformImpl.lambda$runLater$174(PlatformImpl.java:294) ~[jfxrt.jar:?]
	at com.sun.glass.ui.InvokeLaterDispatcher$Future.run(InvokeLaterDispatcher.java:95) [jfxrt.jar:?]
Caused by: java.lang.IndexOutOfBoundsException: Index: 3, Size: 3
	at java.util.ArrayList.rangeCheck(ArrayList.java:653) ~[?:1.8.0_131]
	at java.util.ArrayList.get(ArrayList.java:429) ~[?:1.8.0_131]
	at at.ac.univie.vis2017.clustering_algorithms.KMEANS.updateCentroids(KMEANS.java:228) ~[classes/:?]
	at at.ac.univie.vis2017.clustering_algorithms.KMEANS.clusterData(KMEANS.java:250) ~[classes/:?]
	at at.ac.univie.vis2017.gui.ClusteringController.initialize(ClusteringController.java:406) ~[classes/:?]
	at javafx.fxml.FXMLLoader.loadImpl(FXMLLoader.java:2548) ~[jfxrt.jar:?]
	... 15 more
20:09:57.724 [JavaFX Application Thread] FATAL vis2017.gui.Main:104 - Fatal error
javafx.fxml.LoadException: 
/Users/michaeltrimmel/IdeaProjects/vis2017_clustering/target/classes/fxml/ClusteringGUI.fxml

	at javafx.fxml.FXMLLoader.constructLoadException(FXMLLoader.java:2601) ~[jfxrt.jar:?]
	at javafx.fxml.FXMLLoader.loadImpl(FXMLLoader.java:2579) ~[jfxrt.jar:?]
	at javafx.fxml.FXMLLoader.loadImpl(FXMLLoader.java:2441) ~[jfxrt.jar:?]
	at javafx.fxml.FXMLLoader.loadImpl(FXMLLoader.java:3214) ~[jfxrt.jar:?]
	at javafx.fxml.FXMLLoader.loadImpl(FXMLLoader.java:3175) ~[jfxrt.jar:?]
	at javafx.fxml.FXMLLoader.loadImpl(FXMLLoader.java:3148) ~[jfxrt.jar:?]
	at javafx.fxml.FXMLLoader.loadImpl(FXMLLoader.java:3124) ~[jfxrt.jar:?]
	at javafx.fxml.FXMLLoader.loadImpl(FXMLLoader.java:3104) ~[jfxrt.jar:?]
	at javafx.fxml.FXMLLoader.load(FXMLLoader.java:3097) ~[jfxrt.jar:?]
	at at.ac.univie.vis2017.gui.Main.showMainWindow(Main.java:79) ~[classes/:?]
	at at.ac.univie.vis2017.gui.Main.start(Main.java:74) ~[classes/:?]
	at com.sun.javafx.application.LauncherImpl.lambda$launchApplication1$162(LauncherImpl.java:863) ~[jfxrt.jar:?]
	at com.sun.javafx.application.PlatformImpl.lambda$runAndWait$175(PlatformImpl.java:326) ~[jfxrt.jar:?]
	at com.sun.javafx.application.PlatformImpl.lambda$null$173(PlatformImpl.java:295) ~[jfxrt.jar:?]
	at java.security.AccessController.doPrivileged(Native Method) ~[?:1.8.0_131]
	at com.sun.javafx.application.PlatformImpl.lambda$runLater$174(PlatformImpl.java:294) ~[jfxrt.jar:?]
	at com.sun.glass.ui.InvokeLaterDispatcher$Future.run(InvokeLaterDispatcher.java:95) [jfxrt.jar:?]
Caused by: java.lang.IndexOutOfBoundsException: Index: 3, Size: 3
	at java.util.ArrayList.rangeCheck(ArrayList.java:653) ~[?:1.8.0_131]
	at java.util.ArrayList.get(ArrayList.java:429) ~[?:1.8.0_131]
	at at.ac.univie.vis2017.clustering_algorithms.KMEANS.updateCentroids(KMEANS.java:230) ~[classes/:?]
	at at.ac.univie.vis2017.clustering_algorithms.KMEANS.clusterData(KMEANS.java:252) ~[classes/:?]
	at at.ac.univie.vis2017.gui.ClusteringController.initialize(ClusteringController.java:406) ~[classes/:?]
	at javafx.fxml.FXMLLoader.loadImpl(FXMLLoader.java:2548) ~[jfxrt.jar:?]
	... 15 more
20:10:52.242 [JavaFX Application Thread] FATAL vis2017.gui.Main:104 - Fatal error
javafx.fxml.LoadException: 
/Users/michaeltrimmel/IdeaProjects/vis2017_clustering/target/classes/fxml/ClusteringGUI.fxml

	at javafx.fxml.FXMLLoader.constructLoadException(FXMLLoader.java:2601) ~[jfxrt.jar:?]
	at javafx.fxml.FXMLLoader.loadImpl(FXMLLoader.java:2579) ~[jfxrt.jar:?]
	at javafx.fxml.FXMLLoader.loadImpl(FXMLLoader.java:2441) ~[jfxrt.jar:?]
	at javafx.fxml.FXMLLoader.loadImpl(FXMLLoader.java:3214) ~[jfxrt.jar:?]
	at javafx.fxml.FXMLLoader.loadImpl(FXMLLoader.java:3175) ~[jfxrt.jar:?]
	at javafx.fxml.FXMLLoader.loadImpl(FXMLLoader.java:3148) ~[jfxrt.jar:?]
	at javafx.fxml.FXMLLoader.loadImpl(FXMLLoader.java:3124) ~[jfxrt.jar:?]
	at javafx.fxml.FXMLLoader.loadImpl(FXMLLoader.java:3104) ~[jfxrt.jar:?]
	at javafx.fxml.FXMLLoader.load(FXMLLoader.java:3097) ~[jfxrt.jar:?]
	at at.ac.univie.vis2017.gui.Main.showMainWindow(Main.java:79) ~[classes/:?]
	at at.ac.univie.vis2017.gui.Main.start(Main.java:74) ~[classes/:?]
	at com.sun.javafx.application.LauncherImpl.lambda$launchApplication1$162(LauncherImpl.java:863) ~[jfxrt.jar:?]
	at com.sun.javafx.application.PlatformImpl.lambda$runAndWait$175(PlatformImpl.java:326) ~[jfxrt.jar:?]
	at com.sun.javafx.application.PlatformImpl.lambda$null$173(PlatformImpl.java:295) ~[jfxrt.jar:?]
	at java.security.AccessController.doPrivileged(Native Method) ~[?:1.8.0_131]
	at com.sun.javafx.application.PlatformImpl.lambda$runLater$174(PlatformImpl.java:294) ~[jfxrt.jar:?]
	at com.sun.glass.ui.InvokeLaterDispatcher$Future.run(InvokeLaterDispatcher.java:95) [jfxrt.jar:?]
Caused by: java.lang.IndexOutOfBoundsException: Index: 3, Size: 3
	at java.util.ArrayList.rangeCheck(ArrayList.java:653) ~[?:1.8.0_131]
	at java.util.ArrayList.get(ArrayList.java:429) ~[?:1.8.0_131]
	at at.ac.univie.vis2017.clustering_algorithms.KMEANS.updateCentroids(KMEANS.java:230) ~[classes/:?]
	at at.ac.univie.vis2017.clustering_algorithms.KMEANS.clusterData(KMEANS.java:252) ~[classes/:?]
	at at.ac.univie.vis2017.gui.ClusteringController.initialize(ClusteringController.java:406) ~[classes/:?]
	at javafx.fxml.FXMLLoader.loadImpl(FXMLLoader.java:2548) ~[jfxrt.jar:?]
	... 15 more
20:21:26.877 [JavaFX Application Thread] DEBUG vis2017.gui.ClusteringController:264 - iterateKmeans pressed
20:21:26.880 [JavaFX Application Thread] DEBUG vis2017.gui.ClusteringController:306 - Iteration set to 1
20:21:26.880 [JavaFX Application Thread] DEBUG vis2017.gui.ClusteringController:259 - Iteration Spinner updated. New value: 1
20:21:27.540 [JavaFX Application Thread] DEBUG vis2017.gui.ClusteringController:264 - iterateKmeans pressed
20:21:27.541 [JavaFX Application Thread] DEBUG vis2017.gui.ClusteringController:259 - Iteration Spinner updated. New value: 1
20:21:28.035 [JavaFX Application Thread] DEBUG vis2017.gui.ClusteringController:264 - iterateKmeans pressed
20:21:28.036 [JavaFX Application Thread] DEBUG vis2017.gui.ClusteringController:259 - Iteration Spinner updated. New value: 1
20:21:28.766 [JavaFX Application Thread] DEBUG vis2017.gui.ClusteringController:270 - stepBackKmeans pressed
20:21:28.768 [JavaFX Application Thread] DEBUG vis2017.gui.ClusteringController:306 - Iteration set to 0
20:21:28.769 [JavaFX Application Thread] DEBUG vis2017.gui.ClusteringController:259 - Iteration Spinner updated. New value: 0
20:21:29.453 [JavaFX Application Thread] DEBUG vis2017.gui.ClusteringController:270 - stepBackKmeans pressed
20:21:29.453 [JavaFX Application Thread] DEBUG vis2017.gui.ClusteringController:259 - Iteration Spinner updated. New value: 0
20:21:30.015 [JavaFX Application Thread] DEBUG vis2017.gui.ClusteringController:264 - iterateKmeans pressed
20:21:30.017 [JavaFX Application Thread] DEBUG vis2017.gui.ClusteringController:306 - Iteration set to 1
20:21:30.018 [JavaFX Application Thread] DEBUG vis2017.gui.ClusteringController:259 - Iteration Spinner updated. New value: 1
20:21:31.073 [JavaFX Application Thread] DEBUG vis2017.gui.ClusteringController:270 - stepBackKmeans pressed
20:21:31.074 [JavaFX Application Thread] DEBUG vis2017.gui.ClusteringController:306 - Iteration set to 0
20:21:31.075 [JavaFX Application Thread] DEBUG vis2017.gui.ClusteringController:259 - Iteration Spinner updated. New value: 0
20:21:32.265 [JavaFX Application Thread] DEBUG vis2017.gui.ClusteringController:253 - restartKmeans pressed
20:21:32.266 [JavaFX Application Thread] DEBUG vis2017.gui.ClusteringController:259 - Iteration Spinner updated. New value: 0
20:21:32.783 [JavaFX Application Thread] DEBUG vis2017.gui.ClusteringController:253 - restartKmeans pressed
20:21:32.783 [JavaFX Application Thread] DEBUG vis2017.gui.ClusteringController:259 - Iteration Spinner updated. New value: 0
20:21:33.221 [JavaFX Application Thread] DEBUG vis2017.gui.ClusteringController:253 - restartKmeans pressed
20:21:33.222 [JavaFX Application Thread] DEBUG vis2017.gui.ClusteringController:259 - Iteration Spinner updated. New value: 0
20:21:33.525 [JavaFX Application Thread] DEBUG vis2017.gui.ClusteringController:253 - restartKmeans pressed
20:21:33.526 [JavaFX Application Thread] DEBUG vis2017.gui.ClusteringController:259 - Iteration Spinner updated. New value: 0
